2017-04-04 12:04:54.0856 INFO ---- We are testing all Methods ----
2017-04-04 12:05:03.0629 INFO Numbers: System.Collections.Generic.List`1[System.Int32]
2017-04-04 12:05:03.0629 INFO http://localhost:52147/calculator/add
2017-04-04 12:05:03.2857 INFO {"nums":[10,5,3]}
2017-04-04 12:05:07.0656 INFO The server responds: 10 + 5 + 3 = 18
2017-04-04 12:05:07.0656 INFO -------------------------------------------------------------
2017-04-04 12:05:07.0656 INFO http://localhost:52147/calculator/sub
2017-04-04 12:05:07.0656 INFO {"nums":[10,5,3]}
2017-04-04 12:05:07.0846 INFO The server responds: 10 - 5 - 3 = 2
2017-04-04 12:05:07.0846 INFO -------------------------------------------------------------
2017-04-04 12:05:07.0846 INFO http://localhost:52147/calculator/mult
2017-04-04 12:05:07.0846 INFO {"nums":[10,5,3]}
2017-04-04 12:05:07.1027 INFO The server responds: 10 * 5 * 3 = 150
2017-04-04 12:05:07.1027 INFO -------------------------------------------------------------
2017-04-04 12:05:07.1027 INFO http://localhost:52147/calculator/div
2017-04-04 12:05:07.1027 INFO {"num1":10,"num2":5}
2017-04-04 12:05:07.1247 INFO The server responds: 10 / 5 (Rest: 0) = 2
2017-04-04 12:05:07.1247 INFO -------------------------------------------------------------
2017-04-04 12:05:07.1247 INFO http://localhost:52147/calculator/sqr
2017-04-04 12:05:07.1247 INFO {"num":10}
2017-04-04 12:05:07.1407 INFO The server responds: (10)e2 = 100
2017-04-04 12:05:07.1407 INFO -------------------------------------------------------------
