2017-04-05 11:56:14.2328 DEBUG Method Add
2017-04-05 11:56:19.0418 DEBUG request =>System.Collections.Generic.List`1[System.Int32]
2017-04-05 11:56:28.1671 DEBUG 1 + 2 + 3 + 4 + 55 + 6 = 71
2017-04-05 11:56:31.0227 DEBUG Method Subtract
2017-04-05 11:56:33.3438 DEBUG Method Subtract
2017-04-05 11:56:38.5156 DEBUG request =>System.Collections.Generic.List`1[System.Int32]
2017-04-05 11:56:38.5156 DEBUG request =>System.Collections.Generic.List`1[System.Int32]
2017-04-05 11:56:38.5672 DEBUG 1 - 2 - 3 - 45 = -49
2017-04-05 11:57:05.9873 DEBUG Method Square
2017-04-05 11:57:06.7572 DEBUG request =>5
2017-04-05 11:57:06.7998 DEBUG (5)e2 = 25
2017-04-05 11:58:36.1798 DEBUG Method Add
2017-04-05 11:58:48.1906 DEBUG 1 + 2 + 3 + 3 + 4 = 13
2017-04-05 11:58:51.9105 DEBUG Method Divide
2017-04-05 11:58:57.1844 DEBUG 56 / 8 (Rest: 0) = 7
2017-04-05 11:59:01.3691 INFO ---- We are testing all Methods ----
2017-04-05 11:59:01.3691 INFO Numbers: System.Collections.Generic.List`1[System.Int32]
2017-04-05 11:59:01.3891 INFO http://localhost:52147/calculator/add
2017-04-05 11:59:01.3891 INFO {"nums":[10,5,3]}
2017-04-05 11:59:01.4142 INFO The server responds: 10 + 5 + 3 = 18
2017-04-05 11:59:01.4162 INFO -------------------------------------------------------------
2017-04-05 11:59:01.4162 INFO http://localhost:52147/calculator/sub
2017-04-05 11:59:01.4162 INFO {"nums":[10,5,3]}
2017-04-05 11:59:01.4507 INFO The server responds: 10 - 5 - 3 = 2
2017-04-05 11:59:01.4507 INFO -------------------------------------------------------------
2017-04-05 11:59:01.4507 INFO http://localhost:52147/calculator/mult
2017-04-05 11:59:01.4507 INFO {"nums":[10,5,3]}
2017-04-05 11:59:01.4902 INFO The server responds: 10 * 5 * 3 = 150
2017-04-05 11:59:01.4927 INFO -------------------------------------------------------------
2017-04-05 11:59:01.4927 INFO http://localhost:52147/calculator/div
2017-04-05 11:59:01.4927 INFO {"num1":10,"num2":5}
2017-04-05 11:59:01.5423 INFO The server responds: 10 / 5 (Rest: 0) = 2
2017-04-05 11:59:01.5423 INFO -------------------------------------------------------------
2017-04-05 11:59:01.5423 INFO http://localhost:52147/calculator/sqr
2017-04-05 11:59:01.5423 INFO {"num":10}
2017-04-05 11:59:01.5933 INFO The server responds: (10)e2 = 100
2017-04-05 11:59:01.5933 INFO -------------------------------------------------------------
