2017-04-05 09:03:01.1765 TRACE ----- Method Add -----
2017-04-05 09:03:01.2516 TRACE 1 + 1 = 2
2017-04-05 09:03:26.8927 TRACE ----- Method Add -----
2017-04-05 09:03:26.8927 TRACE 1 + 3 + 3 = 7
2017-04-05 09:19:15.1491 TRACE ----- Method Add -----
2017-04-05 09:27:16.2047 TRACE ----- Method Add -----
2017-04-05 09:27:16.2672 TRACE 1 = 1
2017-04-05 09:27:38.0654 TRACE ----- Method Add -----
2017-04-05 09:27:38.0654 TRACE 3 = 3
2017-04-05 09:42:17.8074 TRACE ----- Method Add -----
2017-04-05 09:42:17.8699 TRACE 4 = 4
2017-04-05 10:35:25.3934 TRACE ----- Method Add -----
2017-04-05 10:38:08.3372 TRACE ----- Method Add -----
2017-04-05 10:39:55.3550 TRACE ----- Method Add -----
2017-04-05 10:46:18.0972 TRACE ----- Method Add -----
2017-04-05 10:49:37.7250 TRACE ----- Method Add -----
2017-04-05 10:49:37.7831 TRACE 1 + 2 = 3
2017-04-05 10:50:06.9786 TRACE ----- Method Add -----
2017-04-05 10:54:03.8923 TRACE ----- Method Add -----
2017-04-05 10:54:03.9693 TRACE 1 + 2 + 3 = 6
2017-04-05 11:00:52.6139 TRACE ----- Method Add -----
2017-04-05 11:00:52.6989 TRACE 1 + 3 + 2 = 6
2017-04-05 11:14:46.8648 TRACE ----- Method Add -----
2017-04-05 11:14:46.9278 TRACE 4 + 5 = 9
2017-04-05 11:15:13.6587 TRACE ----- Method Add -----
2017-04-05 11:15:13.6587 TRACE 5 + 6 = 11
2017-04-05 11:17:12.4318 TRACE ----- Method Add -----
2017-04-05 11:17:12.5104 TRACE 2 + 67 = 69
2017-04-05 11:17:28.7624 TRACE ----- Method Subtract -----
2017-04-05 11:17:28.7624 TRACE 2 - 4 = -2
2017-04-05 11:22:28.0521 TRACE ----- Method Add -----
2017-04-05 11:22:28.1102 TRACE 16 + 6 = 22
2017-04-05 11:22:48.3590 TRACE ----- Method Add -----
2017-04-05 11:22:48.3590 TRACE 1 + 3 + 5 = 9
