2017-04-04 12:03:26.4184 TRACE Method Add
2017-04-04 12:03:26.4539 TRACE 10 + 5 + 3 = 18
2017-04-04 12:03:26.7989 TRACE Method Subtract
2017-04-04 12:03:26.7989 TRACE 10 - 5 - 3 = 2
2017-04-04 12:03:26.8229 TRACE Method Multiply
2017-04-04 12:03:26.8229 TRACE 10 * 5 * 3 = 150
2017-04-04 12:03:26.8544 TRACE Method Divide
2017-04-04 12:03:26.8544 TRACE 10 / 5 (Rest: 0) = 2
2017-04-04 12:03:26.8725 TRACE Method Square
2017-04-04 12:03:26.8725 TRACE (10)e2 = 100
2017-04-04 12:03:53.8481 TRACE Method Add
2017-04-04 12:03:53.8481 TRACE 1 + 2 + 3 + 4 = 10
2017-04-04 12:05:06.5556 TRACE Method Add
2017-04-04 12:05:06.5961 TRACE 10 + 5 + 3 = 18
2017-04-04 12:05:07.0786 TRACE Method Subtract
2017-04-04 12:05:07.0786 TRACE 10 - 5 - 3 = 2
2017-04-04 12:05:07.0977 TRACE Method Multiply
2017-04-04 12:05:07.0977 TRACE 10 * 5 * 3 = 150
2017-04-04 12:05:07.1197 TRACE Method Divide
2017-04-04 12:05:07.1197 TRACE 10 / 5 (Rest: 0) = 2
2017-04-04 12:05:07.1367 TRACE Method Square
2017-04-04 12:05:07.1367 TRACE (10)e2 = 100
2017-04-04 12:05:17.5832 TRACE Method Add
2017-04-04 12:05:17.5832 TRACE 1 + 2 + 3 + 4 = 10
2017-04-04 12:05:27.2864 TRACE Method Add
2017-04-04 12:05:27.2864 TRACE 1 + 2 + 3 + 4 = 10
2017-04-04 13:34:05.8234 TRACE ----- Method Add -----
2017-04-04 13:34:05.8469 TRACE 1 + 2 + 3 + 4 + 5 = 15
2017-04-04 13:44:44.1891 TRACE ----- Method Add -----
2017-04-04 13:44:44.1891 TRACE 10 + 5 + 3 = 18
2017-04-04 13:44:44.2048 TRACE ----- Method Subtract -----
2017-04-04 13:44:44.2048 TRACE 10 - 5 - 3 = 2
2017-04-04 13:44:44.2380 TRACE ----- Method Multiply -----
2017-04-04 13:44:44.2380 TRACE 10 * 5 * 3 = 150
2017-04-04 13:44:44.2891 TRACE ----- Method Divide -----
2017-04-04 13:44:44.2891 TRACE 10 / 5 (Rest: 0) = 2
2017-04-04 13:44:44.3365 TRACE Method Square
2017-04-04 13:44:44.3365 TRACE (10)e2 = 100
2017-04-04 13:45:04.5764 TRACE ----- Method Subtract -----
2017-04-04 13:45:04.5764 TRACE 1 - 2 - 3 - 4 = -8
2017-04-04 13:45:24.2615 TRACE ----- Method Subtract -----
2017-04-04 13:45:24.2615 TRACE 50 - 3 - 13 = 34
2017-04-04 16:49:13.1482 TRACE ----- Method Add -----
2017-04-04 16:52:17.9302 TRACE ----- Method Add -----
2017-04-04 16:52:17.9868 TRACE 1 = 1
