2017-04-04 09:30:54.4528|TRACE|CalculatorService.server.Controllers.CalculatorController|Method Add
2017-04-04 09:30:54.4828|TRACE|CalculatorService.server.Controllers.CalculatorController|10 + 5 + 3 = 18
2017-04-04 09:30:54.8091|TRACE|CalculatorService.server.Controllers.CalculatorController|Method Subtract
2017-04-04 09:30:54.8091|TRACE|CalculatorService.server.Controllers.CalculatorController|10 - 5 - 3 = 2
2017-04-04 09:30:54.8091|TRACE|CalculatorService.server.Controllers.CalculatorController|Method Multiply
2017-04-04 09:30:54.8091|TRACE|CalculatorService.server.Controllers.CalculatorController|10 * 5 * 3 = 150
2017-04-04 09:30:54.8471|TRACE|CalculatorService.server.Controllers.CalculatorController|Method Divide
2017-04-04 09:30:54.8471|TRACE|CalculatorService.server.Controllers.CalculatorController|10 / 5 (Rest: 0) = 2
2017-04-04 09:30:54.8651|TRACE|CalculatorService.server.Controllers.CalculatorController|Method Square
2017-04-04 09:30:54.8651|TRACE|CalculatorService.server.Controllers.CalculatorController|(10)e2 = 100
2017-04-04 09:31:22.0657|TRACE|CalculatorService.server.Controllers.CalculatorController|Method Add
2017-04-04 09:31:22.0657|TRACE|CalculatorService.server.Controllers.CalculatorController|10 + 5 + 3 = 18
2017-04-04 09:31:22.0786|TRACE|CalculatorService.server.Controllers.CalculatorController|Method Subtract
2017-04-04 09:31:22.0786|TRACE|CalculatorService.server.Controllers.CalculatorController|10 - 5 - 3 = 2
2017-04-04 09:31:22.0967|TRACE|CalculatorService.server.Controllers.CalculatorController|Method Multiply
2017-04-04 09:31:22.0967|TRACE|CalculatorService.server.Controllers.CalculatorController|10 * 5 * 3 = 150
2017-04-04 09:31:22.1127|TRACE|CalculatorService.server.Controllers.CalculatorController|Method Divide
2017-04-04 09:31:22.1127|TRACE|CalculatorService.server.Controllers.CalculatorController|10 / 5 (Rest: 0) = 2
2017-04-04 09:31:22.1267|TRACE|CalculatorService.server.Controllers.CalculatorController|Method Square
2017-04-04 09:31:22.1267|TRACE|CalculatorService.server.Controllers.CalculatorController|(10)e2 = 100
2017-04-04 09:34:34.5912|TRACE|CalculatorService.server.Controllers.CalculatorController|Method Add
2017-04-04 09:34:34.6172|TRACE|CalculatorService.server.Controllers.CalculatorController|10 + 5 + 3 = 18
2017-04-04 09:34:34.9515|TRACE|CalculatorService.server.Controllers.CalculatorController|Method Subtract
2017-04-04 09:34:34.9515|TRACE|CalculatorService.server.Controllers.CalculatorController|10 - 5 - 3 = 2
2017-04-04 09:34:34.9665|TRACE|CalculatorService.server.Controllers.CalculatorController|Method Multiply
2017-04-04 09:34:34.9665|TRACE|CalculatorService.server.Controllers.CalculatorController|10 * 5 * 3 = 150
2017-04-04 09:34:34.9866|TRACE|CalculatorService.server.Controllers.CalculatorController|Method Divide
2017-04-04 09:34:34.9866|TRACE|CalculatorService.server.Controllers.CalculatorController|10 / 5 (Rest: 0) = 2
2017-04-04 09:34:35.0016|TRACE|CalculatorService.server.Controllers.CalculatorController|Method Square
2017-04-04 09:34:35.0016|TRACE|CalculatorService.server.Controllers.CalculatorController|(10)e2 = 100
2017-04-04 09:38:14.5706|TRACE|CalculatorService.server.Controllers.CalculatorController|Method Add
2017-04-04 09:38:14.6116|TRACE|CalculatorService.server.Controllers.CalculatorController|10 + 5 + 3 = 18
2017-04-04 09:38:14.9249|TRACE|CalculatorService.server.Controllers.CalculatorController|Method Subtract
2017-04-04 09:38:14.9249|TRACE|CalculatorService.server.Controllers.CalculatorController|10 - 5 - 3 = 2
2017-04-04 09:38:14.9379|TRACE|CalculatorService.server.Controllers.CalculatorController|Method Multiply
2017-04-04 09:38:14.9379|TRACE|CalculatorService.server.Controllers.CalculatorController|10 * 5 * 3 = 150
2017-04-04 09:38:14.9599|TRACE|CalculatorService.server.Controllers.CalculatorController|Method Divide
2017-04-04 09:38:14.9599|TRACE|CalculatorService.server.Controllers.CalculatorController|10 / 5 (Rest: 0) = 2
2017-04-04 09:38:14.9739|TRACE|CalculatorService.server.Controllers.CalculatorController|Method Square
2017-04-04 09:38:14.9739|TRACE|CalculatorService.server.Controllers.CalculatorController|(10)e2 = 100
2017-04-04 09:46:16.6561|TRACE|CalculatorService.server.Controllers.CalculatorController|Method Add
2017-04-04 09:47:26.8794|TRACE|CalculatorService.server.Controllers.CalculatorController|10 + 5 + 3 = 18
2017-04-04 09:47:27.1967|TRACE|CalculatorService.server.Controllers.CalculatorController|Method Subtract
2017-04-04 09:47:27.1967|TRACE|CalculatorService.server.Controllers.CalculatorController|10 - 5 - 3 = 2
2017-04-04 09:47:27.2107|TRACE|CalculatorService.server.Controllers.CalculatorController|Method Multiply
2017-04-04 09:47:27.2107|TRACE|CalculatorService.server.Controllers.CalculatorController|10 * 5 * 3 = 150
2017-04-04 09:47:27.2358|TRACE|CalculatorService.server.Controllers.CalculatorController|Method Divide
2017-04-04 09:47:27.2358|TRACE|CalculatorService.server.Controllers.CalculatorController|10 / 5 (Rest: 0) = 2
2017-04-04 09:55:05.8572|TRACE|CalculatorService.server.Controllers.CalculatorController|Method Add
2017-04-04 10:02:05.5964|TRACE|CalculatorService.server.Controllers.CalculatorController|Method Add
2017-04-04 10:02:33.8528|TRACE|CalculatorService.server.Controllers.CalculatorController|10 + 5 + 3 = 18
2017-04-04 10:02:34.1831|TRACE|CalculatorService.server.Controllers.CalculatorController|Method Subtract
2017-04-04 10:02:34.1841|TRACE|CalculatorService.server.Controllers.CalculatorController|10 - 5 - 3 = 2
2017-04-04 10:02:34.1841|TRACE|CalculatorService.server.Controllers.CalculatorController|Method Multiply
2017-04-04 10:02:34.1841|TRACE|CalculatorService.server.Controllers.CalculatorController|10 * 5 * 3 = 150
2017-04-04 10:02:34.2192|TRACE|CalculatorService.server.Controllers.CalculatorController|Method Divide
2017-04-04 10:02:34.2192|TRACE|CalculatorService.server.Controllers.CalculatorController|10 / 5 (Rest: 0) = 2
2017-04-04 10:02:49.6120|TRACE|CalculatorService.server.Controllers.CalculatorController|Method Square
2017-04-04 10:02:49.6120|TRACE|CalculatorService.server.Controllers.CalculatorController|(10)e2 = 100
2017-04-04 10:03:43.8600|TRACE|CalculatorService.server.Controllers.CalculatorController|Method Add
2017-04-04 10:03:43.8870|TRACE|CalculatorService.server.Controllers.CalculatorController|10 + 5 + 3 = 18
2017-04-04 10:03:44.2243|TRACE|CalculatorService.server.Controllers.CalculatorController|Method Subtract
2017-04-04 10:03:44.2243|TRACE|CalculatorService.server.Controllers.CalculatorController|10 - 5 - 3 = 2
2017-04-04 10:03:44.2383|TRACE|CalculatorService.server.Controllers.CalculatorController|Method Multiply
2017-04-04 10:03:44.2383|TRACE|CalculatorService.server.Controllers.CalculatorController|10 * 5 * 3 = 150
2017-04-04 10:03:44.2583|TRACE|CalculatorService.server.Controllers.CalculatorController|Method Divide
2017-04-04 10:03:44.2583|TRACE|CalculatorService.server.Controllers.CalculatorController|10 / 5 (Rest: 0) = 2
2017-04-04 10:03:44.2723|TRACE|CalculatorService.server.Controllers.CalculatorController|Method Square
2017-04-04 10:03:44.2723|TRACE|CalculatorService.server.Controllers.CalculatorController|(10)e2 = 100
2017-04-04 10:05:00.9084|TRACE|CalculatorService.server.Controllers.CalculatorController|Method Add
2017-04-04 10:05:00.9414|TRACE|CalculatorService.server.Controllers.CalculatorController|10 + 5 + 3 = 18
2017-04-04 10:05:01.2667|TRACE|CalculatorService.server.Controllers.CalculatorController|Method Subtract
2017-04-04 10:05:01.2667|TRACE|CalculatorService.server.Controllers.CalculatorController|10 - 5 - 3 = 2
2017-04-04 10:05:01.2807|TRACE|CalculatorService.server.Controllers.CalculatorController|Method Multiply
2017-04-04 10:05:01.2807|TRACE|CalculatorService.server.Controllers.CalculatorController|10 * 5 * 3 = 150
2017-04-04 10:05:01.3028|TRACE|CalculatorService.server.Controllers.CalculatorController|Method Divide
2017-04-04 10:05:01.3028|TRACE|CalculatorService.server.Controllers.CalculatorController|10 / 5 (Rest: 0) = 2
2017-04-04 10:05:01.3178|TRACE|CalculatorService.server.Controllers.CalculatorController|Method Square
2017-04-04 10:05:01.3178|TRACE|CalculatorService.server.Controllers.CalculatorController|(10)e2 = 100
2017-04-04 10:42:53.8879|TRACE|CalculatorService.server.Controllers.CalculatorController|Method Add
2017-04-04 10:42:53.9209|TRACE|CalculatorService.server.Controllers.CalculatorController|10 + 5 + 3 = 18
2017-04-04 10:42:54.2632|TRACE|CalculatorService.server.Controllers.CalculatorController|Method Subtract
2017-04-04 10:42:54.2632|TRACE|CalculatorService.server.Controllers.CalculatorController|10 - 5 - 3 = 2
2017-04-04 10:42:54.2782|TRACE|CalculatorService.server.Controllers.CalculatorController|Method Multiply
2017-04-04 10:42:54.2782|TRACE|CalculatorService.server.Controllers.CalculatorController|10 * 5 * 3 = 150
2017-04-04 10:42:54.2972|TRACE|CalculatorService.server.Controllers.CalculatorController|Method Divide
2017-04-04 10:42:54.2972|TRACE|CalculatorService.server.Controllers.CalculatorController|10 / 5 (Rest: 0) = 2
2017-04-04 10:55:49.3700|TRACE|CalculatorService.server.Controllers.CalculatorController|Method Add
2017-04-04 10:55:49.4271|TRACE|CalculatorService.server.Controllers.CalculatorController|10 + 5 + 3 = 18
2017-04-04 10:55:49.7503|TRACE|CalculatorService.server.Controllers.CalculatorController|Method Subtract
2017-04-04 10:55:49.7503|TRACE|CalculatorService.server.Controllers.CalculatorController|10 - 5 - 3 = 2
2017-04-04 10:55:49.7503|TRACE|CalculatorService.server.Controllers.CalculatorController|Method Multiply
2017-04-04 10:55:49.7503|TRACE|CalculatorService.server.Controllers.CalculatorController|10 * 5 * 3 = 150
2017-04-04 10:55:49.7834|TRACE|CalculatorService.server.Controllers.CalculatorController|Method Divide
2017-04-04 10:55:49.7834|TRACE|CalculatorService.server.Controllers.CalculatorController|10 / 5 (Rest: 0) = 2
2017-04-04 10:57:35.3435|TRACE|CalculatorService.server.Controllers.CalculatorController|Method Square
2017-04-04 10:57:35.3435|TRACE|CalculatorService.server.Controllers.CalculatorController|(10)e2 = 100
2017-04-04 11:13:14.2929|TRACE|CalculatorService.server.Controllers.CalculatorController|Method Add
2017-04-04 11:13:14.3410|TRACE|CalculatorService.server.Controllers.CalculatorController|10 + 5 + 3 = 18
2017-04-04 11:13:14.6863|TRACE|CalculatorService.server.Controllers.CalculatorController|Method Subtract
2017-04-04 11:13:14.6873|TRACE|CalculatorService.server.Controllers.CalculatorController|10 - 5 - 3 = 2
2017-04-04 11:13:14.6873|TRACE|CalculatorService.server.Controllers.CalculatorController|Method Multiply
2017-04-04 11:13:14.7033|TRACE|CalculatorService.server.Controllers.CalculatorController|10 * 5 * 3 = 150
2017-04-04 11:13:14.7273|TRACE|CalculatorService.server.Controllers.CalculatorController|Method Divide
2017-04-04 11:13:14.7273|TRACE|CalculatorService.server.Controllers.CalculatorController|10 / 5 (Rest: 0) = 2
2017-04-04 11:13:14.7484|TRACE|CalculatorService.server.Controllers.CalculatorController|Method Square
2017-04-04 11:13:14.7494|TRACE|CalculatorService.server.Controllers.CalculatorController|(10)e2 = 100
2017-04-04 11:14:03.8366|TRACE|CalculatorService.server.Controllers.CalculatorController|Method Divide
2017-04-04 11:14:03.8366|TRACE|CalculatorService.server.Controllers.CalculatorController|24 / 6 (Rest: 0) = 4
2017-04-04 11:16:54.8398|TRACE|CalculatorService.server.Controllers.CalculatorController|Method Add
2017-04-04 11:16:54.8688|TRACE|CalculatorService.server.Controllers.CalculatorController|10 + 5 + 3 = 18
2017-04-04 11:16:55.2241|TRACE|CalculatorService.server.Controllers.CalculatorController|Method Subtract
2017-04-04 11:16:55.2241|TRACE|CalculatorService.server.Controllers.CalculatorController|10 - 5 - 3 = 2
2017-04-04 11:16:55.2431|TRACE|CalculatorService.server.Controllers.CalculatorController|Method Multiply
2017-04-04 11:16:55.2431|TRACE|CalculatorService.server.Controllers.CalculatorController|10 * 5 * 3 = 150
2017-04-04 11:16:55.2722|TRACE|CalculatorService.server.Controllers.CalculatorController|Method Divide
2017-04-04 11:16:55.2722|TRACE|CalculatorService.server.Controllers.CalculatorController|10 / 5 (Rest: 0) = 2
2017-04-04 11:16:55.2922|TRACE|CalculatorService.server.Controllers.CalculatorController|Method Square
2017-04-04 11:16:55.2922|TRACE|CalculatorService.server.Controllers.CalculatorController|(10)e2 = 100
2017-04-04 11:19:38.9048|TRACE|CalculatorService.server.Controllers.CalculatorController|Method Add
2017-04-04 11:19:38.9319|TRACE|CalculatorService.server.Controllers.CalculatorController|10 + 5 + 3 = 18
2017-04-04 11:19:39.2902|TRACE|CalculatorService.server.Controllers.CalculatorController|Method Subtract
2017-04-04 11:19:39.2902|TRACE|CalculatorService.server.Controllers.CalculatorController|10 - 5 - 3 = 2
2017-04-04 11:19:39.3052|TRACE|CalculatorService.server.Controllers.CalculatorController|Method Multiply
2017-04-04 11:19:39.3052|TRACE|CalculatorService.server.Controllers.CalculatorController|10 * 5 * 3 = 150
2017-04-04 11:19:39.3322|TRACE|CalculatorService.server.Controllers.CalculatorController|Method Divide
2017-04-04 11:19:39.3322|TRACE|CalculatorService.server.Controllers.CalculatorController|10 / 5 (Rest: 0) = 2
2017-04-04 11:22:04.6747|TRACE|CalculatorService.server.Controllers.CalculatorController|Method Square
2017-04-04 11:22:04.6747|TRACE|CalculatorService.server.Controllers.CalculatorController|(10)e2 = 100
2017-04-04 11:55:22.9374|TRACE|CalculatorService.server.Controllers.CalculatorController|Method Add
2017-04-04 11:55:22.9645|TRACE|CalculatorService.server.Controllers.CalculatorController|10 + 5 + 3 = 18
2017-04-04 11:55:23.3014|TRACE|CalculatorService.server.Controllers.CalculatorController|Method Subtract
2017-04-04 11:55:23.3014|TRACE|CalculatorService.server.Controllers.CalculatorController|10 - 5 - 3 = 2
2017-04-04 11:55:23.3309|TRACE|CalculatorService.server.Controllers.CalculatorController|Method Multiply
2017-04-04 11:55:23.3309|TRACE|CalculatorService.server.Controllers.CalculatorController|10 * 5 * 3 = 150
2017-04-04 11:55:23.3559|TRACE|CalculatorService.server.Controllers.CalculatorController|Method Divide
2017-04-04 11:55:23.3559|TRACE|CalculatorService.server.Controllers.CalculatorController|10 / 5 (Rest: 0) = 2
2017-04-04 11:55:44.5693|TRACE|CalculatorService.server.Controllers.CalculatorController|Method Square
2017-04-04 11:55:44.5693|TRACE|CalculatorService.server.Controllers.CalculatorController|(10)e2 = 100
